Using pre-set license
Built from '2021.3/staging' branch; Version is '2021.3.5f1 (40eb3a945986) revision 4254522'; Using compiler version '192829333'; Build Type 'Release'
OS: 'Windows 10  (10.0.19044) 64bit Core' Language: 'en' Physical Memory: 16333 MB
BatchMode: 1, IsHumanControllingUs: 0, StartBugReporterOnCrash: 0, Is64bit: 1, IsPro: 1

COMMAND LINE ARGUMENTS:
C:\Program Files\Unity\Hub\Editor\2021.3.5f1\Editor\Unity.exe
-adb2
-batchMode
-noUpm
-name
AssetImportWorker0
-projectPath
C:/Users/Randy's PC/Desktop/GameDev/fierfighter3
-logFile
Logs/AssetImportWorker0.log
-srvPort
61987
Successfully changed project path to: C:/Users/Randy's PC/Desktop/GameDev/fierfighter3
C:/Users/Randy's PC/Desktop/GameDev/fierfighter3
[UnityMemory] Configuration Parameters - Can be set up in boot.config
    "memorysetup-bucket-allocator-granularity=16"
    "memorysetup-bucket-allocator-bucket-count=8"
    "memorysetup-bucket-allocator-block-size=33554432"
    "memorysetup-bucket-allocator-block-count=8"
    "memorysetup-main-allocator-block-size=16777216"
    "memorysetup-thread-allocator-block-size=16777216"
    "memorysetup-gfx-main-allocator-block-size=16777216"
    "memorysetup-gfx-thread-allocator-block-size=16777216"
    "memorysetup-cache-allocator-block-size=4194304"
    "memorysetup-typetree-allocator-block-size=2097152"
    "memorysetup-profiler-bucket-allocator-granularity=16"
    "memorysetup-profiler-bucket-allocator-bucket-count=8"
    "memorysetup-profiler-bucket-allocator-block-size=33554432"
    "memorysetup-profiler-bucket-allocator-block-count=8"
    "memorysetup-profiler-allocator-block-size=16777216"
    "memorysetup-profiler-editor-allocator-block-size=1048576"
    "memorysetup-temp-allocator-size-main=16777216"
    "memorysetup-job-temp-allocator-block-size=2097152"
    "memorysetup-job-temp-allocator-block-size-background=1048576"
    "memorysetup-job-temp-allocator-reduction-small-platforms=262144"
    "memorysetup-temp-allocator-size-background-worker=32768"
    "memorysetup-temp-allocator-size-job-worker=262144"
    "memorysetup-temp-allocator-size-preload-manager=33554432"
    "memorysetup-temp-allocator-size-nav-mesh-worker=65536"
    "memorysetup-temp-allocator-size-audio-worker=65536"
    "memorysetup-temp-allocator-size-cloud-worker=32768"
    "memorysetup-temp-allocator-size-gi-baking-worker=262144"
    "memorysetup-temp-allocator-size-gfx=262144"
Refreshing native plugins compatible for Editor in 112.51 ms, found 3 plugins.
Preloading 0 native plugins for Editor in 0.00 ms.
Initialize engine version: 2021.3.5f1 (40eb3a945986)
[Subsystems] Discovering subsystems at path C:/Program Files/Unity/Hub/Editor/2021.3.5f1/Editor/Data/Resources/UnitySubsystems
[Subsystems] Discovering subsystems at path C:/Users/Randy's PC/Desktop/GameDev/fierfighter3/Assets
GfxDevice: creating device client; threaded=0; jobified=0
Direct3D:
    Version:  Direct3D 11.0 [level 11.1]
    Renderer: NVIDIA GeForce GTX 1080 with Max-Q Design (ID=0x1be0)
    Vendor:   NVIDIA
    VRAM:     8105 MB
    Driver:   22.21.13.8264
Initialize mono
Mono path[0] = 'C:/Program Files/Unity/Hub/Editor/2021.3.5f1/Editor/Data/Managed'
Mono path[1] = 'C:/Program Files/Unity/Hub/Editor/2021.3.5f1/Editor/Data/MonoBleedingEdge/lib/mono/unityjit-win32'
Mono config path = 'C:/Program Files/Unity/Hub/Editor/2021.3.5f1/Editor/Data/MonoBleedingEdge/etc'
Using monoOptions --debugger-agent=transport=dt_socket,embedding=1,server=y,suspend=n,address=127.0.0.1:56904
Begin MonoManager ReloadAssembly
Registering precompiled unity dll's ...
Register platform support module: C:/Program Files/Unity/Hub/Editor/2021.3.5f1/Editor/Data/PlaybackEngines/WebGLSupport/UnityEditor.WebGL.Extensions.dll
Register platform support module: C:/Program Files/Unity/Hub/Editor/2021.3.5f1/Editor/Data/PlaybackEngines/WindowsStandaloneSupport/UnityEditor.WindowsStandalone.Extensions.dll
Registered in 0.010699 seconds.
Native extension for WindowsStandalone target not found
Native extension for WebGL target not found
Refreshing native plugins compatible for Editor in 198.82 ms, found 3 plugins.
Preloading 0 native plugins for Editor in 0.00 ms.
Mono: successfully reloaded assembly
- Completed reload, in  1.031 seconds
Domain Reload Profiling:
	ReloadAssembly (1032ms)
		BeginReloadAssembly (111ms)
			ExecutionOrderSort (0ms)
			DisableScriptedObjects (0ms)
			BackupInstance (0ms)
			ReleaseScriptingObjects (0ms)
			CreateAndSetChildDomain (1ms)
		EndReloadAssembly (777ms)
			LoadAssemblies (109ms)
			RebuildTransferFunctionScriptingTraits (0ms)
			SetupTypeCache (129ms)
			ReleaseScriptCaches (0ms)
			RebuildScriptCaches (57ms)
			SetupLoadedEditorAssemblies (517ms)
				LogAssemblyErrors (0ms)
				InitializePlatformSupportModulesInManaged (21ms)
				SetLoadedEditorAssemblies (0ms)
				RefreshPlugins (199ms)
				BeforeProcessingInitializeOnLoad (5ms)
				ProcessInitializeOnLoadAttributes (224ms)
				ProcessInitializeOnLoadMethodAttributes (67ms)
				AfterProcessingInitializeOnLoad (0ms)
				EditorAssembliesLoaded (0ms)
			ExecutionOrderSort2 (0ms)
			AwakeInstancesAfterBackupRestoration (0ms)
Platform modules already initialized, skipping
Registering precompiled user dll's ...
Registered in 0.008336 seconds.
Begin MonoManager ReloadAssembly
Symbol file LoadedFromMemory doesn't match image C:\Users\Randy's PC\Desktop\GameDev\fierfighter3\Library\PackageCache\com.unity.visualscripting@1.7.8\Editor\VisualScripting.Core\Dependencies\YamlDotNet\Unity.VisualScripting.YamlDotNet.dll
Symbol file LoadedFromMemory doesn't match image C:\Users\Randy's PC\Desktop\GameDev\fierfighter3\Library\PackageCache\com.unity.visualscripting@1.7.8\Editor\VisualScripting.Core\Dependencies\DotNetZip\Unity.VisualScripting.IonicZip.dll
Native extension for WindowsStandalone target not found
Native extension for WebGL target not found
Refreshing native plugins compatible for Editor in 1.34 ms, found 3 plugins.
Preloading 0 native plugins for Editor in 0.00 ms.
Mono: successfully reloaded assembly
- Completed reload, in  1.345 seconds
Domain Reload Profiling:
	ReloadAssembly (1346ms)
		BeginReloadAssembly (139ms)
			ExecutionOrderSort (0ms)
			DisableScriptedObjects (7ms)
			BackupInstance (0ms)
			ReleaseScriptingObjects (0ms)
			CreateAndSetChildDomain (22ms)
		EndReloadAssembly (1067ms)
			LoadAssemblies (108ms)
			RebuildTransferFunctionScriptingTraits (0ms)
			SetupTypeCache (342ms)
			ReleaseScriptCaches (1ms)
			RebuildScriptCaches (65ms)
			SetupLoadedEditorAssemblies (504ms)
				LogAssemblyErrors (0ms)
				InitializePlatformSupportModulesInManaged (11ms)
				SetLoadedEditorAssemblies (1ms)
				RefreshPlugins (1ms)
				BeforeProcessingInitializeOnLoad (128ms)
				ProcessInitializeOnLoadAttributes (318ms)
				ProcessInitializeOnLoadMethodAttributes (31ms)
				AfterProcessingInitializeOnLoad (12ms)
				EditorAssembliesLoaded (0ms)
			ExecutionOrderSort2 (0ms)
			AwakeInstancesAfterBackupRestoration (7ms)
Platform modules already initialized, skipping
========================================================================
Worker process is ready to serve import requests
Launched and connected shader compiler UnityShaderCompiler.exe after 0.06 seconds
Refreshing native plugins compatible for Editor in 1.13 ms, found 3 plugins.
Preloading 0 native plugins for Editor in 0.00 ms.
Unloading 3381 Unused Serialized files (Serialized files now loaded: 0)
Unloading 28 unused Assets / (405.1 KB). Loaded Objects now: 3840.
Memory consumption went from 120.0 MB to 119.6 MB.
Total: 4.364700 ms (FindLiveObjects: 0.337800 ms CreateObjectMapping: 0.271300 ms MarkObjects: 3.522200 ms  DeleteObjects: 0.232400 ms)

AssetImportParameters requested are different than current active one (requested -> active):
  custom:video-decoder-ogg-theora: a1e56fd34408186e4bbccfd4996cb3dc -> 
  custom:container-muxer-webm: aa71ff27fc2769a1b78a27578f13a17b -> 
  custom:container-demuxer-webm: 4f35f7cbe854078d1ac9338744f61a02 -> 
  custom:video-encoder-webm-vp8: eb34c28f22e8b96e1ab97ce403110664 -> 
  custom:video-codec-MediaFoundation-h265: 746d11721c4dcdbdad8f713fa42b33f4 -> 
  custom:audio-encoder-webm-vorbis: bf7c407c2cedff20999df2af8eb42d56 -> 
  custom:framework-win-MediaFoundation: 216162199b28c13a410421893ffa2e32 -> 
  custom:container-demuxer-ogg: 62fdf1f143b41e24485cea50d1cbac27 -> 
  custom:video-decoder-webm-vp8: 9c59270c3fd7afecdb556c50c9e8de78 -> 
  custom:audio-decoder-ogg-vorbis: bf7c407c2cedff20999df2af8eb42d56 -> 
========================================================================
Received Import Request.
  Time since last request: 238074.495237 seconds.
  path: Assets/Frefabs/FPS Player
  artifactKey: Guid(290fafce803a18f49a617a9bf4e5429b) Importer(815301076,1909f56bfc062723c751e8b465ee728b)
Start importing Assets/Frefabs/FPS Player using Guid(290fafce803a18f49a617a9bf4e5429b) Importer(815301076,1909f56bfc062723c751e8b465ee728b)  -> (artifact id: '821619f1254ec95dc57aff90fe6a2285') in 0.012745 seconds 
========================================================================
Received Import Request.
  Time since last request: 7.103098 seconds.
  path: Assets/Frefabs/FPS Player/FPS Player 1.prefab
  artifactKey: Guid(1bf715f2dd102894abe4491f61fbf820) Importer(815301076,1909f56bfc062723c751e8b465ee728b)
Start importing Assets/Frefabs/FPS Player/FPS Player 1.prefab using Guid(1bf715f2dd102894abe4491f61fbf820) Importer(815301076,1909f56bfc062723c751e8b465ee728b) Tried select unknown importer for id '-2' '00000000000000000000000000000000'
 -> (artifact id: 'c4c624ab9dc1f4b99cf4d7716af60fbf') in 0.258538 seconds 
========================================================================
Received Import Request.
  Time since last request: 16.651723 seconds.
  path: Assets/Frefabs/FPS Player/FPS Player111.prefab
  artifactKey: Guid(f1a10b05b6a04c644ae1ac4b768a402d) Importer(815301076,1909f56bfc062723c751e8b465ee728b)
Start importing Assets/Frefabs/FPS Player/FPS Player111.prefab using Guid(f1a10b05b6a04c644ae1ac4b768a402d) Importer(815301076,1909f56bfc062723c751e8b465ee728b) Tried select unknown importer for id '-2' '00000000000000000000000000000000'
 -> (artifact id: '12c6021a4158f3a238f36a379e464b4d') in 0.028163 seconds 
========================================================================
Received Import Request.
  Time since last request: 4.390041 seconds.
  path: Assets/Frefabs/FPS Player/FPS Player.prefab
  artifactKey: Guid(1bf715f2dd102894abe4491f61fbf820) Importer(815301076,1909f56bfc062723c751e8b465ee728b)
Start importing Assets/Frefabs/FPS Player/FPS Player.prefab using Guid(1bf715f2dd102894abe4491f61fbf820) Importer(815301076,1909f56bfc062723c751e8b465ee728b) Tried select unknown importer for id '-2' '00000000000000000000000000000000'
 -> (artifact id: '0cf7d7a48f914a311d14155409b9430e') in 0.097137 seconds 
========================================================================
Received Prepare
Registering precompiled user dll's ...
Registered in 0.008510 seconds.
Begin MonoManager ReloadAssembly
Symbol file LoadedFromMemory doesn't match image C:\Users\Randy's PC\Desktop\GameDev\fierfighter3\Library\PackageCache\com.unity.visualscripting@1.7.8\Editor\VisualScripting.Core\Dependencies\YamlDotNet\Unity.VisualScripting.YamlDotNet.dll
Symbol file LoadedFromMemory doesn't match image C:\Users\Randy's PC\Desktop\GameDev\fierfighter3\Library\PackageCache\com.unity.visualscripting@1.7.8\Editor\VisualScripting.Core\Dependencies\DotNetZip\Unity.VisualScripting.IonicZip.dll
Native extension for WindowsStandalone target not found
Native extension for WebGL target not found
Refreshing native plugins compatible for Editor in 1.16 ms, found 3 plugins.
Preloading 0 native plugins for Editor in 0.00 ms.
Mono: successfully reloaded assembly
- Completed reload, in  1.415 seconds
Domain Reload Profiling:
	ReloadAssembly (1416ms)
		BeginReloadAssembly (166ms)
			ExecutionOrderSort (0ms)
			DisableScriptedObjects (6ms)
			BackupInstance (0ms)
			ReleaseScriptingObjects (0ms)
			CreateAndSetChildDomain (43ms)
		EndReloadAssembly (1133ms)
			LoadAssemblies (107ms)
			RebuildTransferFunctionScriptingTraits (0ms)
			SetupTypeCache (392ms)
			ReleaseScriptCaches (1ms)
			RebuildScriptCaches (75ms)
			SetupLoadedEditorAssemblies (489ms)
				LogAssemblyErrors (0ms)
				InitializePlatformSupportModulesInManaged (20ms)
				SetLoadedEditorAssemblies (1ms)
				RefreshPlugins (1ms)
				BeforeProcessingInitializeOnLoad (101ms)
				ProcessInitializeOnLoadAttributes (304ms)
				ProcessInitializeOnLoadMethodAttributes (47ms)
				AfterProcessingInitializeOnLoad (14ms)
				EditorAssembliesLoaded (0ms)
			ExecutionOrderSort2 (0ms)
			AwakeInstancesAfterBackupRestoration (12ms)
Platform modules already initialized, skipping
Refreshing native plugins compatible for Editor in 3.02 ms, found 3 plugins.
Preloading 0 native plugins for Editor in 0.00 ms.
Unloading 3373 Unused Serialized files (Serialized files now loaded: 0)
Unloading 21 unused Assets / (440.4 KB). Loaded Objects now: 3852.
Memory consumption went from 137.1 MB to 136.7 MB.
Total: 3.321500 ms (FindLiveObjects: 0.270200 ms CreateObjectMapping: 0.188400 ms MarkObjects: 2.625200 ms  DeleteObjects: 0.236400 ms)

AssetImportParameters requested are different than current active one (requested -> active):
  custom:video-decoder-ogg-theora: a1e56fd34408186e4bbccfd4996cb3dc -> 
  custom:container-muxer-webm: aa71ff27fc2769a1b78a27578f13a17b -> 
  custom:container-demuxer-webm: 4f35f7cbe854078d1ac9338744f61a02 -> 
  custom:video-encoder-webm-vp8: eb34c28f22e8b96e1ab97ce403110664 -> 
  custom:video-codec-MediaFoundation-h265: 746d11721c4dcdbdad8f713fa42b33f4 -> 
  custom:audio-encoder-webm-vorbis: bf7c407c2cedff20999df2af8eb42d56 -> 
  custom:framework-win-MediaFoundation: 216162199b28c13a410421893ffa2e32 -> 
  custom:container-demuxer-ogg: 62fdf1f143b41e24485cea50d1cbac27 -> 
  custom:video-decoder-webm-vp8: 9c59270c3fd7afecdb556c50c9e8de78 -> 
  custom:audio-decoder-ogg-vorbis: bf7c407c2cedff20999df2af8eb42d56 -> 
========================================================================
Received Import Request.
  Time since last request: 78.237771 seconds.
  path: Assets/Particles/Bullet Impacts/blood_particles.prefab
  artifactKey: Guid(cb771650f86a58a46ab01616eef4650c) Importer(815301076,1909f56bfc062723c751e8b465ee728b)
Start importing Assets/Particles/Bullet Impacts/blood_particles.prefab using Guid(cb771650f86a58a46ab01616eef4650c) Importer(815301076,1909f56bfc062723c751e8b465ee728b)  -> (artifact id: '7b6231ab26fb3fe0772bc4c264ef5405') in 0.041811 seconds 
========================================================================
Received Import Request.
  Time since last request: 0.000020 seconds.
  path: Assets/Particles/Bullet Impacts/wood_impact.prefab
  artifactKey: Guid(ada3e15c23ce1c1439a8ca49c46cda22) Importer(815301076,1909f56bfc062723c751e8b465ee728b)
Start importing Assets/Particles/Bullet Impacts/wood_impact.prefab using Guid(ada3e15c23ce1c1439a8ca49c46cda22) Importer(815301076,1909f56bfc062723c751e8b465ee728b)  -> (artifact id: 'a738518f566fe32089251cc528f278bb') in 0.060823 seconds 
========================================================================
Received Prepare
Registering precompiled user dll's ...
Registered in 0.007479 seconds.
Begin MonoManager ReloadAssembly
Symbol file LoadedFromMemory doesn't match image C:\Users\Randy's PC\Desktop\GameDev\fierfighter3\Library\PackageCache\com.unity.visualscripting@1.7.8\Editor\VisualScripting.Core\Dependencies\YamlDotNet\Unity.VisualScripting.YamlDotNet.dll
Symbol file LoadedFromMemory doesn't match image C:\Users\Randy's PC\Desktop\GameDev\fierfighter3\Library\PackageCache\com.unity.visualscripting@1.7.8\Editor\VisualScripting.Core\Dependencies\DotNetZip\Unity.VisualScripting.IonicZip.dll
Native extension for WindowsStandalone target not found
Native extension for WebGL target not found
Refreshing native plugins compatible for Editor in 0.76 ms, found 3 plugins.
Preloading 0 native plugins for Editor in 0.00 ms.
Mono: successfully reloaded assembly
- Completed reload, in  1.500 seconds
Domain Reload Profiling:
	ReloadAssembly (1501ms)
		BeginReloadAssembly (162ms)
			ExecutionOrderSort (0ms)
			DisableScriptedObjects (6ms)
			BackupInstance (0ms)
			ReleaseScriptingObjects (0ms)
			CreateAndSetChildDomain (48ms)
		EndReloadAssembly (1205ms)
			LoadAssemblies (110ms)
			RebuildTransferFunctionScriptingTraits (0ms)
			SetupTypeCache (461ms)
			ReleaseScriptCaches (1ms)
			RebuildScriptCaches (59ms)
			SetupLoadedEditorAssemblies (503ms)
				LogAssemblyErrors (0ms)
				InitializePlatformSupportModulesInManaged (21ms)
				SetLoadedEditorAssemblies (1ms)
				RefreshPlugins (1ms)
				BeforeProcessingInitializeOnLoad (104ms)
				ProcessInitializeOnLoadAttributes (314ms)
				ProcessInitializeOnLoadMethodAttributes (48ms)
				AfterProcessingInitializeOnLoad (15ms)
				EditorAssembliesLoaded (0ms)
			ExecutionOrderSort2 (0ms)
			AwakeInstancesAfterBackupRestoration (10ms)
Platform modules already initialized, skipping
Refreshing native plugins compatible for Editor in 3.38 ms, found 3 plugins.
Preloading 0 native plugins for Editor in 0.00 ms.
Unloading 3373 Unused Serialized files (Serialized files now loaded: 0)
Unloading 21 unused Assets / (372.9 KB). Loaded Objects now: 3855.
Memory consumption went from 137.1 MB to 136.7 MB.
Total: 4.183300 ms (FindLiveObjects: 0.325600 ms CreateObjectMapping: 0.284600 ms MarkObjects: 3.349000 ms  DeleteObjects: 0.222500 ms)

AssetImportParameters requested are different than current active one (requested -> active):
  custom:video-decoder-ogg-theora: a1e56fd34408186e4bbccfd4996cb3dc -> 
  custom:container-muxer-webm: aa71ff27fc2769a1b78a27578f13a17b -> 
  custom:container-demuxer-webm: 4f35f7cbe854078d1ac9338744f61a02 -> 
  custom:video-encoder-webm-vp8: eb34c28f22e8b96e1ab97ce403110664 -> 
  custom:video-codec-MediaFoundation-h265: 746d11721c4dcdbdad8f713fa42b33f4 -> 
  custom:audio-encoder-webm-vorbis: bf7c407c2cedff20999df2af8eb42d56 -> 
  custom:framework-win-MediaFoundation: 216162199b28c13a410421893ffa2e32 -> 
  custom:container-demuxer-ogg: 62fdf1f143b41e24485cea50d1cbac27 -> 
  custom:video-decoder-webm-vp8: 9c59270c3fd7afecdb556c50c9e8de78 -> 
  custom:audio-decoder-ogg-vorbis: bf7c407c2cedff20999df2af8eb42d56 -> 
========================================================================
Received Prepare
Registering precompiled user dll's ...
Registered in 0.011900 seconds.
Begin MonoManager ReloadAssembly
Symbol file LoadedFromMemory doesn't match image C:\Users\Randy's PC\Desktop\GameDev\fierfighter3\Library\PackageCache\com.unity.visualscripting@1.7.8\Editor\VisualScripting.Core\Dependencies\YamlDotNet\Unity.VisualScripting.YamlDotNet.dll
Symbol file LoadedFromMemory doesn't match image C:\Users\Randy's PC\Desktop\GameDev\fierfighter3\Library\PackageCache\com.unity.visualscripting@1.7.8\Editor\VisualScripting.Core\Dependencies\DotNetZip\Unity.VisualScripting.IonicZip.dll
Native extension for WindowsStandalone target not found
Native extension for WebGL target not found
Refreshing native plugins compatible for Editor in 0.81 ms, found 3 plugins.
Preloading 0 native plugins for Editor in 0.00 ms.
[ScriptCompilation] NOT recompiling all scripts because this is an import worker process. Reason to compile was: Define symbols changed
Mono: successfully reloaded assembly
- Completed reload, in  1.430 seconds
Domain Reload Profiling:
	ReloadAssembly (1431ms)
		BeginReloadAssembly (162ms)
			ExecutionOrderSort (0ms)
			DisableScriptedObjects (6ms)
			BackupInstance (0ms)
			ReleaseScriptingObjects (0ms)
			CreateAndSetChildDomain (47ms)
		EndReloadAssembly (1136ms)
			LoadAssemblies (107ms)
			RebuildTransferFunctionScriptingTraits (0ms)
			SetupTypeCache (377ms)
			ReleaseScriptCaches (1ms)
			RebuildScriptCaches (54ms)
			SetupLoadedEditorAssemblies (525ms)
				LogAssemblyErrors (0ms)
				InitializePlatformSupportModulesInManaged (22ms)
				SetLoadedEditorAssemblies (1ms)
				RefreshPlugins (1ms)
				BeforeProcessingInitializeOnLoad (140ms)
				ProcessInitializeOnLoadAttributes (300ms)
				ProcessInitializeOnLoadMethodAttributes (51ms)
				AfterProcessingInitializeOnLoad (11ms)
				EditorAssembliesLoaded (0ms)
			ExecutionOrderSort2 (0ms)
			AwakeInstancesAfterBackupRestoration (7ms)
Platform modules already initialized, skipping
Refreshing native plugins compatible for Editor in 2.92 ms, found 3 plugins.
Preloading 0 native plugins for Editor in 0.00 ms.
Unloading 3692 Unused Serialized files (Serialized files now loaded: 0)
Unloading 26 unused Assets / (440.3 KB). Loaded Objects now: 4172.
Memory consumption went from 146.1 MB to 145.7 MB.
Total: 4.274000 ms (FindLiveObjects: 0.284100 ms CreateObjectMapping: 0.254700 ms MarkObjects: 3.455100 ms  DeleteObjects: 0.278700 ms)

AssetImportParameters requested are different than current active one (requested -> active):
  custom:video-decoder-ogg-theora: a1e56fd34408186e4bbccfd4996cb3dc -> 
  custom:container-muxer-webm: aa71ff27fc2769a1b78a27578f13a17b -> 
  custom:container-demuxer-webm: 4f35f7cbe854078d1ac9338744f61a02 -> 
  custom:video-encoder-webm-vp8: eb34c28f22e8b96e1ab97ce403110664 -> 
  custom:video-codec-MediaFoundation-h265: 746d11721c4dcdbdad8f713fa42b33f4 -> 
  custom:audio-encoder-webm-vorbis: bf7c407c2cedff20999df2af8eb42d56 -> 
  custom:framework-win-MediaFoundation: 216162199b28c13a410421893ffa2e32 -> 
  custom:container-demuxer-ogg: 62fdf1f143b41e24485cea50d1cbac27 -> 
  custom:video-decoder-webm-vp8: 9c59270c3fd7afecdb556c50c9e8de78 -> 
  custom:audio-decoder-ogg-vorbis: bf7c407c2cedff20999df2af8eb42d56 -> 
========================================================================
Received Import Request.
  Time since last request: 164.238213 seconds.
  path: Assets/Models/Weapons/SoundC4/c4_beep1_Last.mp3
  artifactKey: Guid(2fcd7cdf9e4caf54899b3e7e6968b3f1) Importer(815301076,1909f56bfc062723c751e8b465ee728b)
Start importing Assets/Models/Weapons/SoundC4/c4_beep1_Last.mp3 using Guid(2fcd7cdf9e4caf54899b3e7e6968b3f1) Importer(815301076,1909f56bfc062723c751e8b465ee728b)  -> (artifact id: '44b8b74aaee338b0339632831e4a1276') in 0.206565 seconds 
========================================================================
Received Import Request.
  Time since last request: 0.000065 seconds.
  path: Assets/Particles/MuzzleFlash/FirstPersonMuzzleFlash (fbx).fbx
  artifactKey: Guid(cffbfb766236ab144ae6c5cd35290a07) Importer(815301076,1909f56bfc062723c751e8b465ee728b)
Start importing Assets/Particles/MuzzleFlash/FirstPersonMuzzleFlash (fbx).fbx using Guid(cffbfb766236ab144ae6c5cd35290a07) Importer(815301076,1909f56bfc062723c751e8b465ee728b)  -> (artifact id: 'c2cbd14419f5bbf59fe0fa46f29e953a') in 0.073620 seconds 
========================================================================
Received Import Request.
  Time since last request: 0.000030 seconds.
  path: Assets/Models/Weapons/SoundC4/c4_beep3.wav
  artifactKey: Guid(758aa834ab13a594a822615c9688dfbd) Importer(815301076,1909f56bfc062723c751e8b465ee728b)
Start importing Assets/Models/Weapons/SoundC4/c4_beep3.wav using Guid(758aa834ab13a594a822615c9688dfbd) Importer(815301076,1909f56bfc062723c751e8b465ee728b)  -> (artifact id: 'e07259dd712d4ee48cdf0db46b9f76f3') in 0.017050 seconds 
========================================================================
Received Import Request.
  Time since last request: 0.000021 seconds.
  path: Assets/Models/Maps/cs_italy/maps/Materials/crateBoxLabel.mat
  artifactKey: Guid(2619b43d6571cc54199d7962e2529800) Importer(815301076,1909f56bfc062723c751e8b465ee728b)
Start importing Assets/Models/Maps/cs_italy/maps/Materials/crateBoxLabel.mat using Guid(2619b43d6571cc54199d7962e2529800) Importer(815301076,1909f56bfc062723c751e8b465ee728b)  -> (artifact id: '2323650ddca33f72c811a7b8b34c78ff') in 0.041678 seconds 
========================================================================
Received Import Request.
  Time since last request: 0.000021 seconds.
  path: Assets/Mirror/Examples/AdditiveLevels/Materials/CubeSphere.mat
  artifactKey: Guid(38950807c6bf6454dbef567827b770b6) Importer(815301076,1909f56bfc062723c751e8b465ee728b)
Start importing Assets/Mirror/Examples/AdditiveLevels/Materials/CubeSphere.mat using Guid(38950807c6bf6454dbef567827b770b6) Importer(815301076,1909f56bfc062723c751e8b465ee728b)  -> (artifact id: '1e83688eedf0f6ea73a919d2d08a604b') in 0.155798 seconds 
========================================================================
Received Import Request.
  Time since last request: 0.000034 seconds.
  path: Assets/Mirror/Examples/AdditiveScenes/Prefabs/Cube.prefab
  artifactKey: Guid(4ff300cf6bb3c6342a9552c4f18788c8) Importer(815301076,1909f56bfc062723c751e8b465ee728b)
Start importing Assets/Mirror/Examples/AdditiveScenes/Prefabs/Cube.prefab using Guid(4ff300cf6bb3c6342a9552c4f18788c8) Importer(815301076,1909f56bfc062723c751e8b465ee728b)  -> (artifact id: 'eaee496f658c1c2ce2cfd614eda8c247') in 0.020211 seconds 
========================================================================
Received Import Request.
  Time since last request: 0.000036 seconds.
  path: Assets/Models/Maps/cs_italy/texture/crateBoxLabel.bmp
  artifactKey: Guid(cf813c8fa726c524793dded0efbdd251) Importer(815301076,1909f56bfc062723c751e8b465ee728b)
Start importing Assets/Models/Maps/cs_italy/texture/crateBoxLabel.bmp using Guid(cf813c8fa726c524793dded0efbdd251) Importer(815301076,1909f56bfc062723c751e8b465ee728b)  -> (artifact id: 'a1ee2efaac889403dc4a5e8ac2fc27b2') in 0.035067 seconds 
========================================================================
Received Import Request.
  Time since last request: 0.000026 seconds.
  path: Assets/Sounds/Weapons Fire Sounds/c4_beep2.wav
  artifactKey: Guid(b53d95e7fd2dbaf4590cfedcc5c3c5d6) Importer(815301076,1909f56bfc062723c751e8b465ee728b)
Start importing Assets/Sounds/Weapons Fire Sounds/c4_beep2.wav using Guid(b53d95e7fd2dbaf4590cfedcc5c3c5d6) Importer(815301076,1909f56bfc062723c751e8b465ee728b)  -> (artifact id: '0939cb9d00f63bca5e151f35b31fe7c1') in 0.013753 seconds 
========================================================================
Received Import Request.
  Time since last request: 2.066745 seconds.
  path: Assets/Models/Maps/de_aztec/texture/-0AzMoss.bmp
  artifactKey: Guid(5983bf7e0b4f48141bee0370984313c4) Importer(815301076,1909f56bfc062723c751e8b465ee728b)
Start importing Assets/Models/Maps/de_aztec/texture/-0AzMoss.bmp using Guid(5983bf7e0b4f48141bee0370984313c4) Importer(815301076,1909f56bfc062723c751e8b465ee728b)  -> (artifact id: 'f9ecfb5ac40ef5841287bbb4afd1c6c8') in 0.020744 seconds 
========================================================================
Received Import Request.
  Time since last request: 0.000030 seconds.
  path: Assets/Models/Maps/de_Dust2/dust2.3ds
  artifactKey: Guid(a09e4b4a17c062f47993aa27c71d6089) Importer(815301076,1909f56bfc062723c751e8b465ee728b)
Start importing Assets/Models/Maps/de_Dust2/dust2.3ds using Guid(a09e4b4a17c062f47993aa27c71d6089) Importer(815301076,1909f56bfc062723c751e8b465ee728b)  -> (artifact id: 'af784fa56a38471716be7ad7d6741e98') in 0.502552 seconds 
========================================================================
Received Import Request.
  Time since last request: 0.000063 seconds.
  path: Assets/Models/Weapons/v_models/m249/ammobox.bmp
  artifactKey: Guid(12a6f8ab573aff14fbf79253d2cc41f0) Importer(815301076,1909f56bfc062723c751e8b465ee728b)
Start importing Assets/Models/Weapons/v_models/m249/ammobox.bmp using Guid(12a6f8ab573aff14fbf79253d2cc41f0) Importer(815301076,1909f56bfc062723c751e8b465ee728b)  -> (artifact id: '1b1708d8010f63974649cbf579bb6825') in 0.016320 seconds 
========================================================================
Received Import Request.
  Time since last request: 0.000032 seconds.
  path: Assets/Models/Maps/fy_iceword/iceword.3ds
  artifactKey: Guid(c746f61bad1788a4caf6437fb6e9ea1e) Importer(815301076,1909f56bfc062723c751e8b465ee728b)
Start importing Assets/Models/Maps/fy_iceword/iceword.3ds using Guid(c746f61bad1788a4caf6437fb6e9ea1e) Importer(815301076,1909f56bfc062723c751e8b465ee728b)  -> (artifact id: 'e23b814a8e54b4b2df7334449f79a9f5') in 0.095145 seconds 
========================================================================
Received Import Request.
  Time since last request: 0.000027 seconds.
  path: Assets/Models/Maps/de_aztec/maps/Aztec.3ds
  artifactKey: Guid(86ddab91f92495a428c91a23903db4ba) Importer(815301076,1909f56bfc062723c751e8b465ee728b)
Start importing Assets/Models/Maps/de_aztec/maps/Aztec.3ds using Guid(86ddab91f92495a428c91a23903db4ba) Importer(815301076,1909f56bfc062723c751e8b465ee728b)  -> (artifact id: 'c3529e142dae09cddff44828d77d4f21') in 0.974312 seconds 
========================================================================
Received Import Request.
  Time since last request: 3.447286 seconds.
  path: Assets/Mirror/Editor/Weaver/Processors/MonoBehaviourProcessor.cs
  artifactKey: Guid(35c16722912b64af894e4f6668f2e54c) Importer(815301076,1909f56bfc062723c751e8b465ee728b)
Start importing Assets/Mirror/Editor/Weaver/Processors/MonoBehaviourProcessor.cs using Guid(35c16722912b64af894e4f6668f2e54c) Importer(815301076,1909f56bfc062723c751e8b465ee728b)  -> (artifact id: '400560d678819af3aef51784763252bf') in 0.010049 seconds 
========================================================================
Received Import Request.
  Time since last request: 14.271349 seconds.
  path: Assets/Models/Maps/de_aztec/texture/!watergreen.bmp
  artifactKey: Guid(29784ff486877dc439fb22a9443e0b74) Importer(815301076,1909f56bfc062723c751e8b465ee728b)
Start importing Assets/Models/Maps/de_aztec/texture/!watergreen.bmp using Guid(29784ff486877dc439fb22a9443e0b74) Importer(815301076,1909f56bfc062723c751e8b465ee728b)  -> (artifact id: '4784ee14ba60368824906f7179acc132') in 0.018687 seconds 
========================================================================
Received Import Request.
  Time since last request: 0.000021 seconds.
  path: Assets/Models/Maps/de_Dust2/Materials/-0csSandWall.mat
  artifactKey: Guid(6cb8af55a3f7f474a9d076355d2b52f5) Importer(815301076,1909f56bfc062723c751e8b465ee728b)
Start importing Assets/Models/Maps/de_Dust2/Materials/-0csSandWall.mat using Guid(6cb8af55a3f7f474a9d076355d2b52f5) Importer(815301076,1909f56bfc062723c751e8b465ee728b)  -> (artifact id: '3418d236140c00919a366d09cd4bfbd5') in 0.018511 seconds 
========================================================================
Received Import Request.
  Time since last request: 0.000029 seconds.
  path: Assets/Models/Maps/de_Dust2/dust2textures/-2Sand.bmp
  artifactKey: Guid(cd235e14b247beb4a83dd2752cc13b31) Importer(815301076,1909f56bfc062723c751e8b465ee728b)
Start importing Assets/Models/Maps/de_Dust2/dust2textures/-2Sand.bmp using Guid(cd235e14b247beb4a83dd2752cc13b31) Importer(815301076,1909f56bfc062723c751e8b465ee728b)  -> (artifact id: '4f7e79e09c41389004a368e57ed1aec9') in 0.019645 seconds 
========================================================================
Received Import Request.
  Time since last request: 0.000032 seconds.
  path: Assets/Models/Maps/de_Dust2/dust2textures/-1csSandWall.bmp
  artifactKey: Guid(1956403f2c608da449d8b0ca8216f3f1) Importer(815301076,1909f56bfc062723c751e8b465ee728b)
Start importing Assets/Models/Maps/de_Dust2/dust2textures/-1csSandWall.bmp using Guid(1956403f2c608da449d8b0ca8216f3f1) Importer(815301076,1909f56bfc062723c751e8b465ee728b)  -> (artifact id: '9d4a441f298840b97b1f1001611e0f07') in 0.018409 seconds 
========================================================================
Received Import Request.
  Time since last request: 0.000029 seconds.
  path: Assets/Models/Maps/de_aztec/texture/+a~tnnl_lgt1.bmp
  artifactKey: Guid(87fe87efaa10c924fb872528841dc329) Importer(815301076,1909f56bfc062723c751e8b465ee728b)
Start importing Assets/Models/Maps/de_aztec/texture/+a~tnnl_lgt1.bmp using Guid(87fe87efaa10c924fb872528841dc329) Importer(815301076,1909f56bfc062723c751e8b465ee728b)  -> (artifact id: '716bf333b865f300cfb741f0c5a8a058') in 0.016759 seconds 
========================================================================
Received Import Request.
  Time since last request: 0.000032 seconds.
  path: Assets/Models/Maps/cs_italy/maps/Materials/-1sandyBrick.mat
  artifactKey: Guid(140ed32d6f6f636448e48bb2f3c24d33) Importer(815301076,1909f56bfc062723c751e8b465ee728b)
Start importing Assets/Models/Maps/cs_italy/maps/Materials/-1sandyBrick.mat using Guid(140ed32d6f6f636448e48bb2f3c24d33) Importer(815301076,1909f56bfc062723c751e8b465ee728b)  -> (artifact id: 'b1473008a3a51c319f5deaf504de293d') in 0.014996 seconds 
========================================================================
Received Import Request.
  Time since last request: 0.000037 seconds.
  path: Assets/Models/Maps/de_Dust2/dust2textures/-0Sand.bmp
  artifactKey: Guid(a4c4af066bc2b374eb917846c981569b) Importer(815301076,1909f56bfc062723c751e8b465ee728b)
Start importing Assets/Models/Maps/de_Dust2/dust2textures/-0Sand.bmp using Guid(a4c4af066bc2b374eb917846c981569b) Importer(815301076,1909f56bfc062723c751e8b465ee728b)  -> (artifact id: '469debad5bde1c255b7e52e7fdbe2375') in 0.017651 seconds 
========================================================================
Received Import Request.
  Time since last request: 0.000041 seconds.
  path: Assets/Models/Maps/cs_italy/maps/Materials/-0sandyBrick.mat
  artifactKey: Guid(f8bea535931f632459e6dbd918df5540) Importer(815301076,1909f56bfc062723c751e8b465ee728b)
Start importing Assets/Models/Maps/cs_italy/maps/Materials/-0sandyBrick.mat using Guid(f8bea535931f632459e6dbd918df5540) Importer(815301076,1909f56bfc062723c751e8b465ee728b)  -> (artifact id: '57a066ff16fc1888d0363f7df817ec6b') in 0.015719 seconds 
========================================================================
Received Import Request.
  Time since last request: 0.000022 seconds.
  path: Assets/Models/Maps/de_Dust2/Materials/-2Sand.mat
  artifactKey: Guid(c7553438f42da3f429f0b323ab540963) Importer(815301076,1909f56bfc062723c751e8b465ee728b)
Start importing Assets/Models/Maps/de_Dust2/Materials/-2Sand.mat using Guid(c7553438f42da3f429f0b323ab540963) Importer(815301076,1909f56bfc062723c751e8b465ee728b)  -> (artifact id: '6df0eab1a973996b0bc31fb065d633cc') in 0.016056 seconds 
========================================================================
Received Import Request.
  Time since last request: 0.000023 seconds.
  path: Assets/Models/Maps/de_Dust2/dust2textures/-0SandRock.bmp
  artifactKey: Guid(eebf00a924e6a554d885b02beda9e962) Importer(815301076,1909f56bfc062723c751e8b465ee728b)
Start importing Assets/Models/Maps/de_Dust2/dust2textures/-0SandRock.bmp using Guid(eebf00a924e6a554d885b02beda9e962) Importer(815301076,1909f56bfc062723c751e8b465ee728b)  -> (artifact id: '3c6a8377fa6b579b0a2a5ff66a2832bc') in 0.018692 seconds 
========================================================================
Received Import Request.
  Time since last request: 0.000030 seconds.
  path: Assets/Models/Maps/de_Dust2/dust2textures/-1Sand.bmp
  artifactKey: Guid(ad205e9c31b1e0545a976efef574b5ea) Importer(815301076,1909f56bfc062723c751e8b465ee728b)
Start importing Assets/Models/Maps/de_Dust2/dust2textures/-1Sand.bmp using Guid(ad205e9c31b1e0545a976efef574b5ea) Importer(815301076,1909f56bfc062723c751e8b465ee728b)  -> (artifact id: '35a41e4f6a671b5a0a19ff448427dc3c') in 0.019210 seconds 
========================================================================
Received Import Request.
  Time since last request: 0.000028 seconds.
  path: Assets/Models/Maps/de_Dust2/dust2textures/-1SandRock2.bmp
  artifactKey: Guid(a83c45054c865b84eaaae19900a1baa9) Importer(815301076,1909f56bfc062723c751e8b465ee728b)
Start importing Assets/Models/Maps/de_Dust2/dust2textures/-1SandRock2.bmp using Guid(a83c45054c865b84eaaae19900a1baa9) Importer(815301076,1909f56bfc062723c751e8b465ee728b)  -> (artifact id: '41088c7d9b2b2f6edceda6932ecdfe21') in 0.016688 seconds 
========================================================================
Received Import Request.
  Time since last request: 0.000032 seconds.
  path: Assets/Models/Maps/de_aztec/maps/Materials/+a~tnnl_lgt1.mat
  artifactKey: Guid(9e6f1d74ac383014abf6d28bbee8c6f9) Importer(815301076,1909f56bfc062723c751e8b465ee728b)
Start importing Assets/Models/Maps/de_aztec/maps/Materials/+a~tnnl_lgt1.mat using Guid(9e6f1d74ac383014abf6d28bbee8c6f9) Importer(815301076,1909f56bfc062723c751e8b465ee728b)  -> (artifact id: 'a363dc9aba9447d9652fa2430a5529c6') in 0.016290 seconds 
========================================================================
Received Import Request.
  Time since last request: 7.488168 seconds.
  path: Assets/Mirror/Editor/NetworkBehaviourInspector.cs
  artifactKey: Guid(f02853db46b6346e4866594a96c3b0e7) Importer(815301076,1909f56bfc062723c751e8b465ee728b)
Start importing Assets/Mirror/Editor/NetworkBehaviourInspector.cs using Guid(f02853db46b6346e4866594a96c3b0e7) Importer(815301076,1909f56bfc062723c751e8b465ee728b)  -> (artifact id: '064e2ec06c28b1a8b35ae56be9475f06') in 0.008507 seconds 
========================================================================
Received Import Request.
  Time since last request: 2.144080 seconds.
  path: Assets/Mirror/Editor/Weaver/Processors/NetworkBehaviourProcessor.cs
  artifactKey: Guid(8118d606be3214e5d99943ec39530dd8) Importer(815301076,1909f56bfc062723c751e8b465ee728b)
Start importing Assets/Mirror/Editor/Weaver/Processors/NetworkBehaviourProcessor.cs using Guid(8118d606be3214e5d99943ec39530dd8) Importer(815301076,1909f56bfc062723c751e8b465ee728b)  -> (artifact id: '38acb8d93de7334fc1baa038ccd911f3') in 0.008223 seconds 
========================================================================
Received Import Request.
  Time since last request: 6.944423 seconds.
  path: Assets/ScriptTemplates/52-Mirror__Network Behaviour-NewNetworkBehaviour.cs.txt
  artifactKey: Guid(29b2ae9aeacc49b47b711838dd1876a4) Importer(815301076,1909f56bfc062723c751e8b465ee728b)
Start importing Assets/ScriptTemplates/52-Mirror__Network Behaviour-NewNetworkBehaviour.cs.txt using Guid(29b2ae9aeacc49b47b711838dd1876a4) Importer(815301076,1909f56bfc062723c751e8b465ee728b)  -> (artifact id: 'cbe5f428b4dd441d97d760cce22c4287') in 0.015311 seconds 
========================================================================
Received Import Request.
  Time since last request: 18.562370 seconds.
  path: Assets/Models/FPS Character/Gun Animation Avatar.mask
  artifactKey: Guid(bae565b748eaa465093f92e900866344) Importer(815301076,1909f56bfc062723c751e8b465ee728b)
Start importing Assets/Models/FPS Character/Gun Animation Avatar.mask using Guid(bae565b748eaa465093f92e900866344) Importer(815301076,1909f56bfc062723c751e8b465ee728b)  -> (artifact id: '29fb74d1a5af08445ca334ba691152df') in 0.010174 seconds 
========================================================================
Received Import Request.
  Time since last request: 20.485653 seconds.
  path: Assets/Scenes
  artifactKey: Guid(6ea315d0fd7389c41b19996891e99ae3) Importer(815301076,1909f56bfc062723c751e8b465ee728b)
Start importing Assets/Scenes using Guid(6ea315d0fd7389c41b19996891e99ae3) Importer(815301076,1909f56bfc062723c751e8b465ee728b)  -> (artifact id: 'bc172811d573b296104adb4d2728db37') in 0.009795 seconds 
========================================================================
Received Import Request.
  Time since last request: 18.560081 seconds.
  path: Assets/Scenes/IceWorld.unity
  artifactKey: Guid(f8e2929ac314702469d4578c28aa92b8) Importer(815301076,1909f56bfc062723c751e8b465ee728b)
Start importing Assets/Scenes/IceWorld.unity using Guid(f8e2929ac314702469d4578c28aa92b8) Importer(815301076,1909f56bfc062723c751e8b465ee728b)  -> (artifact id: '245ab28579d41f8047cf46315b421663') in 0.008199 seconds 
========================================================================
Received Import Request.
  Time since last request: 16.647748 seconds.
  path: Assets/Models/Maps/fy_iceword
  artifactKey: Guid(a97f8e489ce8e214eb7a0cad38f50b76) Importer(815301076,1909f56bfc062723c751e8b465ee728b)
Start importing Assets/Models/Maps/fy_iceword using Guid(a97f8e489ce8e214eb7a0cad38f50b76) Importer(815301076,1909f56bfc062723c751e8b465ee728b)  -> (artifact id: '7e65832aeaf1d1b789a16f88c276047a') in 0.009085 seconds 
========================================================================
Received Import Request.
  Time since last request: 359.883062 seconds.
  path: Assets/Frefabs/FPS Player/FPS Player 1.prefab
  artifactKey: Guid(3d56fe4241b64524e845ffa0948d8e69) Importer(815301076,1909f56bfc062723c751e8b465ee728b)
Start importing Assets/Frefabs/FPS Player/FPS Player 1.prefab using Guid(3d56fe4241b64524e845ffa0948d8e69) Importer(815301076,1909f56bfc062723c751e8b465ee728b) Tried select unknown importer for id '-2' '00000000000000000000000000000000'
 -> (artifact id: '93dc43b9945ed5ae0b848839803744b4') in 0.131471 seconds 
========================================================================
Received Prepare
Registering precompiled user dll's ...
Registered in 0.012107 seconds.
Begin MonoManager ReloadAssembly
Symbol file LoadedFromMemory doesn't match image C:\Users\Randy's PC\Desktop\GameDev\fierfighter3\Library\PackageCache\com.unity.visualscripting@1.7.8\Editor\VisualScripting.Core\Dependencies\YamlDotNet\Unity.VisualScripting.YamlDotNet.dll
Symbol file LoadedFromMemory doesn't match image C:\Users\Randy's PC\Desktop\GameDev\fierfighter3\Library\PackageCache\com.unity.visualscripting@1.7.8\Editor\VisualScripting.Core\Dependencies\DotNetZip\Unity.VisualScripting.IonicZip.dll
Native extension for WindowsStandalone target not found
Native extension for WebGL target not found
Refreshing native plugins compatible for Editor in 1.15 ms, found 3 plugins.
Preloading 0 native plugins for Editor in 0.00 ms.
Mono: successfully reloaded assembly
- Completed reload, in  1.419 seconds
Domain Reload Profiling:
	ReloadAssembly (1420ms)
		BeginReloadAssembly (170ms)
			ExecutionOrderSort (0ms)
			DisableScriptedObjects (5ms)
			BackupInstance (0ms)
			ReleaseScriptingObjects (0ms)
			CreateAndSetChildDomain (45ms)
		EndReloadAssembly (1125ms)
			LoadAssemblies (117ms)
			RebuildTransferFunctionScriptingTraits (0ms)
			SetupTypeCache (344ms)
			ReleaseScriptCaches (2ms)
			RebuildScriptCaches (64ms)
			SetupLoadedEditorAssemblies (531ms)
				LogAssemblyErrors (0ms)
				InitializePlatformSupportModulesInManaged (24ms)
				SetLoadedEditorAssemblies (1ms)
				RefreshPlugins (1ms)
				BeforeProcessingInitializeOnLoad (121ms)
				ProcessInitializeOnLoadAttributes (319ms)
				ProcessInitializeOnLoadMethodAttributes (52ms)
				AfterProcessingInitializeOnLoad (12ms)
				EditorAssembliesLoaded (0ms)
			ExecutionOrderSort2 (0ms)
			AwakeInstancesAfterBackupRestoration (10ms)
Platform modules already initialized, skipping
Refreshing native plugins compatible for Editor in 2.83 ms, found 3 plugins.
Preloading 0 native plugins for Editor in 0.00 ms.
Unloading 3692 Unused Serialized files (Serialized files now loaded: 0)
Unloading 26 unused Assets / (395.4 KB). Loaded Objects now: 4220.
Memory consumption went from 147.6 MB to 147.2 MB.
Total: 4.039800 ms (FindLiveObjects: 0.300700 ms CreateObjectMapping: 0.188800 ms MarkObjects: 3.315300 ms  DeleteObjects: 0.234100 ms)

AssetImportParameters requested are different than current active one (requested -> active):
  custom:video-decoder-ogg-theora: a1e56fd34408186e4bbccfd4996cb3dc -> 
  custom:container-muxer-webm: aa71ff27fc2769a1b78a27578f13a17b -> 
  custom:container-demuxer-webm: 4f35f7cbe854078d1ac9338744f61a02 -> 
  custom:video-encoder-webm-vp8: eb34c28f22e8b96e1ab97ce403110664 -> 
  custom:video-codec-MediaFoundation-h265: 746d11721c4dcdbdad8f713fa42b33f4 -> 
  custom:audio-encoder-webm-vorbis: bf7c407c2cedff20999df2af8eb42d56 -> 
  custom:framework-win-MediaFoundation: 216162199b28c13a410421893ffa2e32 -> 
  custom:container-demuxer-ogg: 62fdf1f143b41e24485cea50d1cbac27 -> 
  custom:video-decoder-webm-vp8: 9c59270c3fd7afecdb556c50c9e8de78 -> 
  custom:audio-decoder-ogg-vorbis: bf7c407c2cedff20999df2af8eb42d56 -> 
========================================================================
Received Prepare
Registering precompiled user dll's ...
Registered in 0.012637 seconds.
Begin MonoManager ReloadAssembly
Symbol file LoadedFromMemory doesn't match image C:\Users\Randy's PC\Desktop\GameDev\fierfighter3\Library\PackageCache\com.unity.visualscripting@1.7.8\Editor\VisualScripting.Core\Dependencies\YamlDotNet\Unity.VisualScripting.YamlDotNet.dll
Symbol file LoadedFromMemory doesn't match image C:\Users\Randy's PC\Desktop\GameDev\fierfighter3\Library\PackageCache\com.unity.visualscripting@1.7.8\Editor\VisualScripting.Core\Dependencies\DotNetZip\Unity.VisualScripting.IonicZip.dll
Native extension for WindowsStandalone target not found
Native extension for WebGL target not found
Refreshing native plugins compatible for Editor in 0.81 ms, found 3 plugins.
Preloading 0 native plugins for Editor in 0.00 ms.
Mono: successfully reloaded assembly
- Completed reload, in  1.528 seconds
Domain Reload Profiling:
	ReloadAssembly (1529ms)
		BeginReloadAssembly (173ms)
			ExecutionOrderSort (0ms)
			DisableScriptedObjects (7ms)
			BackupInstance (0ms)
			ReleaseScriptingObjects (0ms)
			CreateAndSetChildDomain (42ms)
		EndReloadAssembly (1233ms)
			LoadAssemblies (106ms)
			RebuildTransferFunctionScriptingTraits (0ms)
			SetupTypeCache (437ms)
			ReleaseScriptCaches (1ms)
			RebuildScriptCaches (63ms)
			SetupLoadedEditorAssemblies (551ms)
				LogAssemblyErrors (0ms)
				InitializePlatformSupportModulesInManaged (22ms)
				SetLoadedEditorAssemblies (1ms)
				RefreshPlugins (1ms)
				BeforeProcessingInitializeOnLoad (109ms)
				ProcessInitializeOnLoadAttributes (353ms)
				ProcessInitializeOnLoadMethodAttributes (51ms)
				AfterProcessingInitializeOnLoad (14ms)
				EditorAssembliesLoaded (0ms)
			ExecutionOrderSort2 (0ms)
			AwakeInstancesAfterBackupRestoration (10ms)
Platform modules already initialized, skipping
Refreshing native plugins compatible for Editor in 2.48 ms, found 3 plugins.
Preloading 0 native plugins for Editor in 0.00 ms.
Unloading 3692 Unused Serialized files (Serialized files now loaded: 0)
Unloading 26 unused Assets / (395.4 KB). Loaded Objects now: 4223.
Memory consumption went from 147.6 MB to 147.3 MB.
Total: 3.264400 ms (FindLiveObjects: 0.329300 ms CreateObjectMapping: 0.202900 ms MarkObjects: 2.475700 ms  DeleteObjects: 0.255300 ms)

AssetImportParameters requested are different than current active one (requested -> active):
  custom:video-decoder-ogg-theora: a1e56fd34408186e4bbccfd4996cb3dc -> 
  custom:container-muxer-webm: aa71ff27fc2769a1b78a27578f13a17b -> 
  custom:container-demuxer-webm: 4f35f7cbe854078d1ac9338744f61a02 -> 
  custom:video-encoder-webm-vp8: eb34c28f22e8b96e1ab97ce403110664 -> 
  custom:video-codec-MediaFoundation-h265: 746d11721c4dcdbdad8f713fa42b33f4 -> 
  custom:audio-encoder-webm-vorbis: bf7c407c2cedff20999df2af8eb42d56 -> 
  custom:framework-win-MediaFoundation: 216162199b28c13a410421893ffa2e32 -> 
  custom:container-demuxer-ogg: 62fdf1f143b41e24485cea50d1cbac27 -> 
  custom:video-decoder-webm-vp8: 9c59270c3fd7afecdb556c50c9e8de78 -> 
  custom:audio-decoder-ogg-vorbis: bf7c407c2cedff20999df2af8eb42d56 -> 
========================================================================
Received Prepare
Registering precompiled user dll's ...
Registered in 0.012871 seconds.
Begin MonoManager ReloadAssembly
Symbol file LoadedFromMemory doesn't match image C:\Users\Randy's PC\Desktop\GameDev\fierfighter3\Library\PackageCache\com.unity.visualscripting@1.7.8\Editor\VisualScripting.Core\Dependencies\YamlDotNet\Unity.VisualScripting.YamlDotNet.dll
Symbol file LoadedFromMemory doesn't match image C:\Users\Randy's PC\Desktop\GameDev\fierfighter3\Library\PackageCache\com.unity.visualscripting@1.7.8\Editor\VisualScripting.Core\Dependencies\DotNetZip\Unity.VisualScripting.IonicZip.dll
Native extension for WindowsStandalone target not found
Native extension for WebGL target not found
Refreshing native plugins compatible for Editor in 0.97 ms, found 3 plugins.
Preloading 0 native plugins for Editor in 0.00 ms.
Mono: successfully reloaded assembly
- Completed reload, in  1.482 seconds
Domain Reload Profiling:
	ReloadAssembly (1483ms)
		BeginReloadAssembly (159ms)
			ExecutionOrderSort (0ms)
			DisableScriptedObjects (6ms)
			BackupInstance (0ms)
			ReleaseScriptingObjects (0ms)
			CreateAndSetChildDomain (43ms)
		EndReloadAssembly (1179ms)
			LoadAssemblies (111ms)
			RebuildTransferFunctionScriptingTraits (0ms)
			SetupTypeCache (436ms)
			ReleaseScriptCaches (1ms)
			RebuildScriptCaches (58ms)
			SetupLoadedEditorAssemblies (502ms)
				LogAssemblyErrors (0ms)
				InitializePlatformSupportModulesInManaged (21ms)
				SetLoadedEditorAssemblies (1ms)
				RefreshPlugins (1ms)
				BeforeProcessingInitializeOnLoad (104ms)
				ProcessInitializeOnLoadAttributes (304ms)
				ProcessInitializeOnLoadMethodAttributes (56ms)
				AfterProcessingInitializeOnLoad (14ms)
				EditorAssembliesLoaded (0ms)
			ExecutionOrderSort2 (0ms)
			AwakeInstancesAfterBackupRestoration (9ms)
Platform modules already initialized, skipping
Refreshing native plugins compatible for Editor in 2.57 ms, found 3 plugins.
Preloading 0 native plugins for Editor in 0.00 ms.
Unloading 3692 Unused Serialized files (Serialized files now loaded: 0)
Unloading 26 unused Assets / (395.5 KB). Loaded Objects now: 4226.
Memory consumption went from 147.7 MB to 147.3 MB.
Total: 3.771100 ms (FindLiveObjects: 0.307700 ms CreateObjectMapping: 0.236100 ms MarkObjects: 2.993400 ms  DeleteObjects: 0.232600 ms)

AssetImportParameters requested are different than current active one (requested -> active):
  custom:video-decoder-ogg-theora: a1e56fd34408186e4bbccfd4996cb3dc -> 
  custom:container-muxer-webm: aa71ff27fc2769a1b78a27578f13a17b -> 
  custom:container-demuxer-webm: 4f35f7cbe854078d1ac9338744f61a02 -> 
  custom:video-encoder-webm-vp8: eb34c28f22e8b96e1ab97ce403110664 -> 
  custom:video-codec-MediaFoundation-h265: 746d11721c4dcdbdad8f713fa42b33f4 -> 
  custom:audio-encoder-webm-vorbis: bf7c407c2cedff20999df2af8eb42d56 -> 
  custom:framework-win-MediaFoundation: 216162199b28c13a410421893ffa2e32 -> 
  custom:container-demuxer-ogg: 62fdf1f143b41e24485cea50d1cbac27 -> 
  custom:video-decoder-webm-vp8: 9c59270c3fd7afecdb556c50c9e8de78 -> 
  custom:audio-decoder-ogg-vorbis: bf7c407c2cedff20999df2af8eb42d56 -> 
========================================================================
Received Prepare
Registering precompiled user dll's ...
Registered in 0.010432 seconds.
Begin MonoManager ReloadAssembly
Symbol file LoadedFromMemory doesn't match image C:\Users\Randy's PC\Desktop\GameDev\fierfighter3\Library\PackageCache\com.unity.visualscripting@1.7.8\Editor\VisualScripting.Core\Dependencies\YamlDotNet\Unity.VisualScripting.YamlDotNet.dll
Symbol file LoadedFromMemory doesn't match image C:\Users\Randy's PC\Desktop\GameDev\fierfighter3\Library\PackageCache\com.unity.visualscripting@1.7.8\Editor\VisualScripting.Core\Dependencies\DotNetZip\Unity.VisualScripting.IonicZip.dll
Native extension for WindowsStandalone target not found
Native extension for WebGL target not found
Refreshing native plugins compatible for Editor in 0.80 ms, found 3 plugins.
Preloading 0 native plugins for Editor in 0.00 ms.
Mono: successfully reloaded assembly
- Completed reload, in  1.640 seconds
Domain Reload Profiling:
	ReloadAssembly (1641ms)
		BeginReloadAssembly (173ms)
			ExecutionOrderSort (0ms)
			DisableScriptedObjects (6ms)
			BackupInstance (0ms)
			ReleaseScriptingObjects (0ms)
			CreateAndSetChildDomain (41ms)
		EndReloadAssembly (1335ms)
			LoadAssemblies (128ms)
			RebuildTransferFunctionScriptingTraits (0ms)
			SetupTypeCache (419ms)
			ReleaseScriptCaches (2ms)
			RebuildScriptCaches (95ms)
			SetupLoadedEditorAssemblies (605ms)
				LogAssemblyErrors (0ms)
				InitializePlatformSupportModulesInManaged (21ms)
				SetLoadedEditorAssemblies (1ms)
				RefreshPlugins (1ms)
				BeforeProcessingInitializeOnLoad (137ms)
				ProcessInitializeOnLoadAttributes (376ms)
				ProcessInitializeOnLoadMethodAttributes (57ms)
				AfterProcessingInitializeOnLoad (12ms)
				EditorAssembliesLoaded (0ms)
			ExecutionOrderSort2 (0ms)
			AwakeInstancesAfterBackupRestoration (9ms)
Platform modules already initialized, skipping
Refreshing native plugins compatible for Editor in 3.41 ms, found 3 plugins.
Preloading 0 native plugins for Editor in 0.00 ms.
Unloading 3692 Unused Serialized files (Serialized files now loaded: 0)
Unloading 26 unused Assets / (440.7 KB). Loaded Objects now: 4229.
Memory consumption went from 147.7 MB to 147.3 MB.
Total: 4.981900 ms (FindLiveObjects: 0.397100 ms CreateObjectMapping: 0.377700 ms MarkObjects: 3.657700 ms  DeleteObjects: 0.547600 ms)

AssetImportParameters requested are different than current active one (requested -> active):
  custom:video-decoder-ogg-theora: a1e56fd34408186e4bbccfd4996cb3dc -> 
  custom:container-muxer-webm: aa71ff27fc2769a1b78a27578f13a17b -> 
  custom:container-demuxer-webm: 4f35f7cbe854078d1ac9338744f61a02 -> 
  custom:video-encoder-webm-vp8: eb34c28f22e8b96e1ab97ce403110664 -> 
  custom:video-codec-MediaFoundation-h265: 746d11721c4dcdbdad8f713fa42b33f4 -> 
  custom:audio-encoder-webm-vorbis: bf7c407c2cedff20999df2af8eb42d56 -> 
  custom:framework-win-MediaFoundation: 216162199b28c13a410421893ffa2e32 -> 
  custom:container-demuxer-ogg: 62fdf1f143b41e24485cea50d1cbac27 -> 
  custom:video-decoder-webm-vp8: 9c59270c3fd7afecdb556c50c9e8de78 -> 
  custom:audio-decoder-ogg-vorbis: bf7c407c2cedff20999df2af8eb42d56 -> 
