Using pre-set license
Built from '2021.3/staging' branch; Version is '2021.3.5f1 (40eb3a945986) revision 4254522'; Using compiler version '192829333'; Build Type 'Release'
OS: 'Windows 10  (10.0.19044) 64bit Core' Language: 'en' Physical Memory: 16333 MB
BatchMode: 1, IsHumanControllingUs: 0, StartBugReporterOnCrash: 0, Is64bit: 1, IsPro: 1

COMMAND LINE ARGUMENTS:
C:\Program Files\Unity\Hub\Editor\2021.3.5f1\Editor\Unity.exe
-adb2
-batchMode
-noUpm
-name
AssetImportWorker0
-projectPath
C:/Users/Randy's PC/Desktop/GameDev/fierfighter3
-logFile
Logs/AssetImportWorker0.log
-srvPort
63811
Successfully changed project path to: C:/Users/Randy's PC/Desktop/GameDev/fierfighter3
C:/Users/Randy's PC/Desktop/GameDev/fierfighter3
[UnityMemory] Configuration Parameters - Can be set up in boot.config
    "memorysetup-bucket-allocator-granularity=16"
    "memorysetup-bucket-allocator-bucket-count=8"
    "memorysetup-bucket-allocator-block-size=33554432"
    "memorysetup-bucket-allocator-block-count=8"
    "memorysetup-main-allocator-block-size=16777216"
    "memorysetup-thread-allocator-block-size=16777216"
    "memorysetup-gfx-main-allocator-block-size=16777216"
    "memorysetup-gfx-thread-allocator-block-size=16777216"
    "memorysetup-cache-allocator-block-size=4194304"
    "memorysetup-typetree-allocator-block-size=2097152"
    "memorysetup-profiler-bucket-allocator-granularity=16"
    "memorysetup-profiler-bucket-allocator-bucket-count=8"
    "memorysetup-profiler-bucket-allocator-block-size=33554432"
    "memorysetup-profiler-bucket-allocator-block-count=8"
    "memorysetup-profiler-allocator-block-size=16777216"
    "memorysetup-profiler-editor-allocator-block-size=1048576"
    "memorysetup-temp-allocator-size-main=16777216"
    "memorysetup-job-temp-allocator-block-size=2097152"
    "memorysetup-job-temp-allocator-block-size-background=1048576"
    "memorysetup-job-temp-allocator-reduction-small-platforms=262144"
    "memorysetup-temp-allocator-size-background-worker=32768"
    "memorysetup-temp-allocator-size-job-worker=262144"
    "memorysetup-temp-allocator-size-preload-manager=33554432"
    "memorysetup-temp-allocator-size-nav-mesh-worker=65536"
    "memorysetup-temp-allocator-size-audio-worker=65536"
    "memorysetup-temp-allocator-size-cloud-worker=32768"
    "memorysetup-temp-allocator-size-gi-baking-worker=262144"
    "memorysetup-temp-allocator-size-gfx=262144"
Refreshing native plugins compatible for Editor in 121.87 ms, found 3 plugins.
Preloading 0 native plugins for Editor in 0.00 ms.
Initialize engine version: 2021.3.5f1 (40eb3a945986)
[Subsystems] Discovering subsystems at path C:/Program Files/Unity/Hub/Editor/2021.3.5f1/Editor/Data/Resources/UnitySubsystems
[Subsystems] Discovering subsystems at path C:/Users/Randy's PC/Desktop/GameDev/fierfighter3/Assets
GfxDevice: creating device client; threaded=0; jobified=0
Direct3D:
    Version:  Direct3D 11.0 [level 11.1]
    Renderer: NVIDIA GeForce GTX 1080 with Max-Q Design (ID=0x1be0)
    Vendor:   NVIDIA
    VRAM:     8105 MB
    Driver:   22.21.13.8264
Initialize mono
Mono path[0] = 'C:/Program Files/Unity/Hub/Editor/2021.3.5f1/Editor/Data/Managed'
Mono path[1] = 'C:/Program Files/Unity/Hub/Editor/2021.3.5f1/Editor/Data/MonoBleedingEdge/lib/mono/unityjit-win32'
Mono config path = 'C:/Program Files/Unity/Hub/Editor/2021.3.5f1/Editor/Data/MonoBleedingEdge/etc'
Using monoOptions --debugger-agent=transport=dt_socket,embedding=1,server=y,suspend=n,address=127.0.0.1:56596
Begin MonoManager ReloadAssembly
Registering precompiled unity dll's ...
Register platform support module: C:/Program Files/Unity/Hub/Editor/2021.3.5f1/Editor/Data/PlaybackEngines/WebGLSupport/UnityEditor.WebGL.Extensions.dll
Register platform support module: C:/Program Files/Unity/Hub/Editor/2021.3.5f1/Editor/Data/PlaybackEngines/WindowsStandaloneSupport/UnityEditor.WindowsStandalone.Extensions.dll
Registered in 0.009849 seconds.
Native extension for WindowsStandalone target not found
Native extension for WebGL target not found
Refreshing native plugins compatible for Editor in 114.37 ms, found 3 plugins.
Preloading 0 native plugins for Editor in 0.00 ms.
Mono: successfully reloaded assembly
- Completed reload, in  0.736 seconds
Domain Reload Profiling:
	ReloadAssembly (737ms)
		BeginReloadAssembly (82ms)
			ExecutionOrderSort (0ms)
			DisableScriptedObjects (0ms)
			BackupInstance (0ms)
			ReleaseScriptingObjects (0ms)
			CreateAndSetChildDomain (1ms)
		EndReloadAssembly (531ms)
			LoadAssemblies (79ms)
			RebuildTransferFunctionScriptingTraits (0ms)
			SetupTypeCache (113ms)
			ReleaseScriptCaches (0ms)
			RebuildScriptCaches (35ms)
			SetupLoadedEditorAssemblies (322ms)
				LogAssemblyErrors (0ms)
				InitializePlatformSupportModulesInManaged (11ms)
				SetLoadedEditorAssemblies (0ms)
				RefreshPlugins (115ms)
				BeforeProcessingInitializeOnLoad (1ms)
				ProcessInitializeOnLoadAttributes (149ms)
				ProcessInitializeOnLoadMethodAttributes (46ms)
				AfterProcessingInitializeOnLoad (0ms)
				EditorAssembliesLoaded (0ms)
			ExecutionOrderSort2 (0ms)
			AwakeInstancesAfterBackupRestoration (0ms)
Platform modules already initialized, skipping
Registering precompiled user dll's ...
Registered in 0.010143 seconds.
Begin MonoManager ReloadAssembly
Symbol file LoadedFromMemory doesn't match image C:\Users\Randy's PC\Desktop\GameDev\fierfighter3\Library\PackageCache\com.unity.visualscripting@1.7.8\Editor\VisualScripting.Core\Dependencies\YamlDotNet\Unity.VisualScripting.YamlDotNet.dll
Symbol file LoadedFromMemory doesn't match image C:\Users\Randy's PC\Desktop\GameDev\fierfighter3\Library\PackageCache\com.unity.visualscripting@1.7.8\Editor\VisualScripting.Core\Dependencies\DotNetZip\Unity.VisualScripting.IonicZip.dll
Native extension for WindowsStandalone target not found
Native extension for WebGL target not found
Refreshing native plugins compatible for Editor in 0.81 ms, found 3 plugins.
Preloading 0 native plugins for Editor in 0.00 ms.
Mono: successfully reloaded assembly
- Completed reload, in  1.275 seconds
Domain Reload Profiling:
	ReloadAssembly (1276ms)
		BeginReloadAssembly (117ms)
			ExecutionOrderSort (0ms)
			DisableScriptedObjects (6ms)
			BackupInstance (0ms)
			ReleaseScriptingObjects (0ms)
			CreateAndSetChildDomain (20ms)
		EndReloadAssembly (1032ms)
			LoadAssemblies (91ms)
			RebuildTransferFunctionScriptingTraits (0ms)
			SetupTypeCache (292ms)
			ReleaseScriptCaches (1ms)
			RebuildScriptCaches (56ms)
			SetupLoadedEditorAssemblies (541ms)
				LogAssemblyErrors (0ms)
				InitializePlatformSupportModulesInManaged (10ms)
				SetLoadedEditorAssemblies (1ms)
				RefreshPlugins (1ms)
				BeforeProcessingInitializeOnLoad (150ms)
				ProcessInitializeOnLoadAttributes (292ms)
				ProcessInitializeOnLoadMethodAttributes (76ms)
				AfterProcessingInitializeOnLoad (11ms)
				EditorAssembliesLoaded (0ms)
			ExecutionOrderSort2 (0ms)
			AwakeInstancesAfterBackupRestoration (7ms)
Platform modules already initialized, skipping
========================================================================
Worker process is ready to serve import requests
Launched and connected shader compiler UnityShaderCompiler.exe after 0.05 seconds
Refreshing native plugins compatible for Editor in 0.77 ms, found 3 plugins.
Preloading 0 native plugins for Editor in 0.00 ms.
Unloading 3700 Unused Serialized files (Serialized files now loaded: 0)
Unloading 33 unused Assets / (420.2 KB). Loaded Objects now: 4156.
Memory consumption went from 129.6 MB to 129.2 MB.
Total: 4.262400 ms (FindLiveObjects: 0.379200 ms CreateObjectMapping: 0.261100 ms MarkObjects: 3.391400 ms  DeleteObjects: 0.229400 ms)

AssetImportParameters requested are different than current active one (requested -> active):
  custom:video-decoder-ogg-theora: a1e56fd34408186e4bbccfd4996cb3dc -> 
  custom:container-muxer-webm: aa71ff27fc2769a1b78a27578f13a17b -> 
  custom:container-demuxer-webm: 4f35f7cbe854078d1ac9338744f61a02 -> 
  custom:video-encoder-webm-vp8: eb34c28f22e8b96e1ab97ce403110664 -> 
  custom:video-codec-MediaFoundation-h265: 746d11721c4dcdbdad8f713fa42b33f4 -> 
  custom:audio-encoder-webm-vorbis: bf7c407c2cedff20999df2af8eb42d56 -> 
  custom:framework-win-MediaFoundation: 216162199b28c13a410421893ffa2e32 -> 
  custom:container-demuxer-ogg: 62fdf1f143b41e24485cea50d1cbac27 -> 
  custom:video-decoder-webm-vp8: 9c59270c3fd7afecdb556c50c9e8de78 -> 
  custom:audio-decoder-ogg-vorbis: bf7c407c2cedff20999df2af8eb42d56 -> 
========================================================================
Received Import Request.
  Time since last request: 8617.520901 seconds.
  path: Assets/Frefabs/FPS Player/FPS Player.prefab
  artifactKey: Guid(3d56fe4241b64524e845ffa0948d8e69) Importer(815301076,1909f56bfc062723c751e8b465ee728b)
Start importing Assets/Frefabs/FPS Player/FPS Player.prefab using Guid(3d56fe4241b64524e845ffa0948d8e69) Importer(815301076,1909f56bfc062723c751e8b465ee728b) Tried select unknown importer for id '-2' '00000000000000000000000000000000'
 -> (artifact id: 'ff077e51e200cc071a56319dc3341eeb') in 0.280521 seconds 
========================================================================
Received Import Request.
  Time since last request: 10.895473 seconds.
  path: Assets/Frefabs/FPS Player/FPS Player.prefab
  artifactKey: Guid(3d56fe4241b64524e845ffa0948d8e69) Importer(815301076,1909f56bfc062723c751e8b465ee728b)
Start importing Assets/Frefabs/FPS Player/FPS Player.prefab using Guid(3d56fe4241b64524e845ffa0948d8e69) Importer(815301076,1909f56bfc062723c751e8b465ee728b) Tried select unknown importer for id '-2' '00000000000000000000000000000000'
 -> (artifact id: '6498a8a1ba00746d6f5de963632f0459') in 0.097946 seconds 
========================================================================
Received Import Request.
  Time since last request: 7.940832 seconds.
  path: Assets/Frefabs/FPS Player/FPS Player.prefab
  artifactKey: Guid(3d56fe4241b64524e845ffa0948d8e69) Importer(815301076,1909f56bfc062723c751e8b465ee728b)
Start importing Assets/Frefabs/FPS Player/FPS Player.prefab using Guid(3d56fe4241b64524e845ffa0948d8e69) Importer(815301076,1909f56bfc062723c751e8b465ee728b) Tried select unknown importer for id '-2' '00000000000000000000000000000000'
 -> (artifact id: '90c1011f2aaf143a18323a4832e16188') in 0.089061 seconds 
========================================================================
Received Import Request.
  Time since last request: 3.224015 seconds.
  path: Assets/Frefabs/FPS Player/FPS Player.prefab
  artifactKey: Guid(3d56fe4241b64524e845ffa0948d8e69) Importer(815301076,1909f56bfc062723c751e8b465ee728b)
Start importing Assets/Frefabs/FPS Player/FPS Player.prefab using Guid(3d56fe4241b64524e845ffa0948d8e69) Importer(815301076,1909f56bfc062723c751e8b465ee728b) Tried select unknown importer for id '-2' '00000000000000000000000000000000'
 -> (artifact id: '314a239700baf43b51aa4778643132a3') in 0.097058 seconds 
========================================================================
Received Import Request.
  Time since last request: 9.613502 seconds.
  path: Assets/Frefabs/FPS Player/FPS Player.prefab
  artifactKey: Guid(3d56fe4241b64524e845ffa0948d8e69) Importer(815301076,1909f56bfc062723c751e8b465ee728b)
Start importing Assets/Frefabs/FPS Player/FPS Player.prefab using Guid(3d56fe4241b64524e845ffa0948d8e69) Importer(815301076,1909f56bfc062723c751e8b465ee728b) Tried select unknown importer for id '-2' '00000000000000000000000000000000'
 -> (artifact id: '56bb046071a42d4b2f2f099ebfc0714a') in 0.087893 seconds 
========================================================================
Received Import Request.
  Time since last request: 16.233058 seconds.
  path: Assets/Frefabs/FPS Player/FPS Player.prefab
  artifactKey: Guid(3d56fe4241b64524e845ffa0948d8e69) Importer(815301076,1909f56bfc062723c751e8b465ee728b)
Start importing Assets/Frefabs/FPS Player/FPS Player.prefab using Guid(3d56fe4241b64524e845ffa0948d8e69) Importer(815301076,1909f56bfc062723c751e8b465ee728b) Tried select unknown importer for id '-2' '00000000000000000000000000000000'
 -> (artifact id: 'd763e8cfd9eb03cda36343fbaf5b4636') in 0.088488 seconds 
========================================================================
Received Import Request.
  Time since last request: 4.533947 seconds.
  path: Assets/Frefabs/FPS Player/FPS Player.prefab
  artifactKey: Guid(3d56fe4241b64524e845ffa0948d8e69) Importer(815301076,1909f56bfc062723c751e8b465ee728b)
Start importing Assets/Frefabs/FPS Player/FPS Player.prefab using Guid(3d56fe4241b64524e845ffa0948d8e69) Importer(815301076,1909f56bfc062723c751e8b465ee728b) Tried select unknown importer for id '-2' '00000000000000000000000000000000'
 -> (artifact id: '544b10381d8a31044843de65ae0fe86b') in 0.096616 seconds 
========================================================================
Received Import Request.
  Time since last request: 11.811585 seconds.
  path: Assets/Frefabs/FPS Player/FPS Player.prefab
  artifactKey: Guid(3d56fe4241b64524e845ffa0948d8e69) Importer(815301076,1909f56bfc062723c751e8b465ee728b)
Start importing Assets/Frefabs/FPS Player/FPS Player.prefab using Guid(3d56fe4241b64524e845ffa0948d8e69) Importer(815301076,1909f56bfc062723c751e8b465ee728b) Tried select unknown importer for id '-2' '00000000000000000000000000000000'
 -> (artifact id: '8aee62706eda6db7957f84ffd5562237') in 0.087973 seconds 
========================================================================
Received Import Request.
  Time since last request: 56.337139 seconds.
  path: Assets/Scenes/IceWorld.unity
  artifactKey: Guid(f8e2929ac314702469d4578c28aa92b8) Importer(815301076,1909f56bfc062723c751e8b465ee728b)
Start importing Assets/Scenes/IceWorld.unity using Guid(f8e2929ac314702469d4578c28aa92b8) Importer(815301076,1909f56bfc062723c751e8b465ee728b)  -> (artifact id: 'd46344151412cc96c939d4197318d70e') in 0.008739 seconds 
